[INFO] 24-11-2024 10:56:20 [TestNG-test-SignIn Test-1] [LogUtils] - Warning !! Can not Load All File.
[INFO] 24-11-2024 10:56:20 [TestNG-test-SignIn Test-1] [LogUtils] - Excel File: C:\Users\Gnana\IdeaProjects\AssuredHealth\src/test/resources/testdata/Common/ProviderData.xlsx
[INFO] 24-11-2024 10:56:20 [TestNG-test-SignIn Test-1] [LogUtils] - Sheet Name: SignIn
[INFO] 24-11-2024 10:56:22 [TestNG-test-SignIn Test-1] [LogUtils] - Row: 10 - Column: 3
[INFO] 24-11-2024 10:56:22 [TestNG-test-SignIn Test-1] [LogUtils] - StartRow: 1 - EndRow: 2
[INFO] 24-11-2024 10:56:24 [TestNG-PoolService-2] [LogUtils] - Set Excel File: src/test/resources/testdata/Common/ProviderData.xlsx
[INFO] 24-11-2024 10:56:24 [TestNG-PoolService-1] [LogUtils] - Set Excel File: src/test/resources/testdata/Common/ProviderData.xlsx
[INFO] 24-11-2024 10:56:24 [TestNG-PoolService-1] [LogUtils] - Sheet Name: SignIn
[INFO] 24-11-2024 10:56:24 [TestNG-PoolService-2] [LogUtils] - Sheet Name: SignIn
[INFO] 24-11-2024 10:56:26 [TestNG-PoolService-1] [LogUtils] - Open website with URL: https://staging.withassured.com/
[INFO] 24-11-2024 10:56:26 [TestNG-PoolService-2] [LogUtils] - Open website with URL: https://staging.withassured.com/
[INFO] 24-11-2024 10:56:26 [TestNG-PoolService-1] [LogUtils] - Get Current URL: https://staging.withassured.com/sign-in
[INFO] 24-11-2024 10:56:26 [TestNG-PoolService-2] [LogUtils] - Get Current URL: https://staging.withassured.com/sign-in
[INFO] 24-11-2024 10:56:26 [TestNG-PoolService-1] [LogUtils] - Verify Contains: https://staging.withassured.com/sign-in CONTAINS sign-in
[INFO] 24-11-2024 10:56:26 [TestNG-PoolService-2] [LogUtils] - Verify Contains: https://staging.withassured.com/sign-in CONTAINS sign-in
[INFO] 24-11-2024 10:56:26 [TestNG-PoolService-2] [LogUtils] - Get Page Title: Assured
[INFO] 24-11-2024 10:56:26 [TestNG-PoolService-1] [LogUtils] - Get Page Title: Assured
[INFO] 24-11-2024 10:56:26 [TestNG-PoolService-2] [LogUtils] - Verify Equals: Assured = Assured
[INFO] 24-11-2024 10:56:26 [TestNG-PoolService-1] [LogUtils] - Verify Equals: Assured = Assured
[ERROR] 24-11-2024 10:56:36 [TestNG-PoolService-2] [LogUtils] - ? Element not exist. (waitForElementPresent) By.xpath: //input[@id='email']
[ERROR] 24-11-2024 10:56:37 [TestNG-PoolService-1] [LogUtils] - ? Element not exist. (waitForElementPresent) By.xpath: //input[@id='email']
[INFO] 24-11-2024 10:56:38 [TestNG-PoolService-2] [LogUtils] - Set Excel File: src/test/resources/testdata/Common/ProviderData.xlsx
[INFO] 24-11-2024 10:56:38 [TestNG-PoolService-2] [LogUtils] - Sheet Name: SignIn
[INFO] 24-11-2024 10:56:39 [TestNG-PoolService-2] [LogUtils] - Open website with URL: https://staging.withassured.com/
[INFO] 24-11-2024 10:56:39 [TestNG-PoolService-2] [LogUtils] - Get Current URL: https://staging.withassured.com/sign-in
[INFO] 24-11-2024 10:56:39 [TestNG-PoolService-2] [LogUtils] - Verify Contains: https://staging.withassured.com/sign-in CONTAINS sign-in
[INFO] 24-11-2024 10:56:39 [TestNG-PoolService-1] [LogUtils] - Set Excel File: src/test/resources/testdata/Common/ProviderData.xlsx
[INFO] 24-11-2024 10:56:39 [TestNG-PoolService-1] [LogUtils] - Sheet Name: SignIn
[INFO] 24-11-2024 10:56:39 [TestNG-PoolService-2] [LogUtils] - Get Page Title: Assured
[INFO] 24-11-2024 10:56:39 [TestNG-PoolService-2] [LogUtils] - Verify Equals: Assured = Assured
[INFO] 24-11-2024 10:56:40 [TestNG-PoolService-1] [LogUtils] - Open website with URL: https://staging.withassured.com/
[INFO] 24-11-2024 10:56:40 [TestNG-PoolService-1] [LogUtils] - Get Current URL: https://staging.withassured.com/
[ERROR] 24-11-2024 10:56:40 [TestNG-PoolService-1] [LogUtils] - ? Verify Contains: https://staging.withassured.com/ NOT CONTAINS sign-in
[ERROR] 24-11-2024 10:56:49 [TestNG-PoolService-2] [LogUtils] - ? Element not exist. (waitForElementPresent) By.xpath: //input[@id='email']
[INFO] 24-11-2024 11:01:34 [main] [LogUtils] - Warning !! Can not Load All File.
[INFO] 24-11-2024 11:02:44 [main] [LogUtils] - Warning !! Can not Load All File.
[INFO] 24-11-2024 11:06:09 [main] [LogUtils] - Warning !! Can not Load All File.
[INFO] 24-11-2024 11:09:27 [main] [LogUtils] - Warning !! Can not Load All File.
[INFO] 24-11-2024 11:09:28 [main] [LogUtils] - ********** RUN STARTED **********
[INFO] 24-11-2024 11:09:28 [main] [LogUtils] - ========= INSTALLING CONFIGURATION DATA =========
[INFO] 24-11-2024 11:09:28 [main] [LogUtils] - Warning !! Can not Load All File.
[INFO] 24-11-2024 11:09:29 [main] [LogUtils] - OVERRIDE EXTENT REPORTS = no
[INFO] 24-11-2024 11:09:29 [main] [LogUtils] - Link Extent Report: C:\Users\Gnana\IdeaProjects\AssuredHealth\reports/ExtentReports\24_11_2024_11_09_29_ExtentReports.html
[INFO] 24-11-2024 11:09:29 [main] [LogUtils] - Extent Reports is installed.
[INFO] 24-11-2024 11:09:29 [main] [LogUtils] - ========= INSTALLED CONFIGURATION DATA =========
[INFO] 24-11-2024 11:09:29 [main] [LogUtils] - =====> Starting Suite: Regression Tests 
[INFO] 24-11-2024 11:09:29 [TestNG-test-SignIn Test-1] [LogUtils] - Excel File: C:\Users\Gnana\IdeaProjects\AssuredHealth\src/test/resources/testdata/Common/ProviderData.xlsx
[INFO] 24-11-2024 11:09:29 [TestNG-test-SignIn Test-1] [LogUtils] - Sheet Name: SignIn
[INFO] 24-11-2024 11:09:30 [TestNG-test-SignIn Test-1] [LogUtils] - Row: 10 - Column: 3
[INFO] 24-11-2024 11:09:30 [TestNG-test-SignIn Test-1] [LogUtils] - StartRow: 1 - EndRow: 2
[INFO] 24-11-2024 11:09:34 [TestNG-PoolService-2] [LogUtils] - Test case: loginWithValidCredentials is starting...
[INFO] 24-11-2024 11:09:34 [TestNG-PoolService-1] [LogUtils] - Test case: loginWithValidCredentials is starting...
[INFO] 24-11-2024 11:09:34 [TestNG-PoolService-1] [LogUtils] - Set Excel File: src/test/resources/testdata/Common/ProviderData.xlsx
[INFO] 24-11-2024 11:09:34 [TestNG-PoolService-2] [LogUtils] - Set Excel File: src/test/resources/testdata/Common/ProviderData.xlsx
[INFO] 24-11-2024 11:09:34 [TestNG-PoolService-1] [LogUtils] - Sheet Name: SignIn
[INFO] 24-11-2024 11:09:34 [TestNG-PoolService-2] [LogUtils] - Sheet Name: SignIn
[INFO] 24-11-2024 11:09:35 [TestNG-PoolService-1] [LogUtils] - Open website with URL: https://staging.withassured.com/
[INFO] 24-11-2024 11:09:35 [TestNG-PoolService-2] [LogUtils] - Open website with URL: https://staging.withassured.com/
[INFO] 24-11-2024 11:09:35 [TestNG-PoolService-1] [LogUtils] - Get Current URL: https://staging.withassured.com/
[INFO] 24-11-2024 11:09:35 [TestNG-PoolService-2] [LogUtils] - Get Current URL: https://staging.withassured.com/
[ERROR] 24-11-2024 11:09:35 [TestNG-PoolService-1] [LogUtils] - ❌ Verify Contains: https://staging.withassured.com/ NOT CONTAINS sign-in
[ERROR] 24-11-2024 11:09:35 [TestNG-PoolService-2] [LogUtils] - ❌ Verify Contains: https://staging.withassured.com/ NOT CONTAINS sign-in
[WARN] 24-11-2024 11:09:35 [TestNG-PoolService-2] [LogUtils] - WARNING!! Test case: loginWithValidCredentials is skipped.
[WARN] 24-11-2024 11:09:35 [TestNG-PoolService-1] [LogUtils] - WARNING!! Test case: loginWithValidCredentials is skipped.
[INFO] 24-11-2024 11:09:37 [TestNG-PoolService-2] [LogUtils] - Test case: loginWithValidCredentials is starting...
[INFO] 24-11-2024 11:09:37 [TestNG-PoolService-2] [LogUtils] - Set Excel File: src/test/resources/testdata/Common/ProviderData.xlsx
[INFO] 24-11-2024 11:09:37 [TestNG-PoolService-2] [LogUtils] - Sheet Name: SignIn
[INFO] 24-11-2024 11:09:37 [TestNG-PoolService-1] [LogUtils] - Test case: loginWithValidCredentials is starting...
[INFO] 24-11-2024 11:09:37 [TestNG-PoolService-1] [LogUtils] - Set Excel File: src/test/resources/testdata/Common/ProviderData.xlsx
[INFO] 24-11-2024 11:09:37 [TestNG-PoolService-1] [LogUtils] - Sheet Name: SignIn
[INFO] 24-11-2024 11:09:38 [TestNG-PoolService-2] [LogUtils] - Open website with URL: https://staging.withassured.com/
[INFO] 24-11-2024 11:09:38 [TestNG-PoolService-2] [LogUtils] - Get Current URL: https://staging.withassured.com/
[INFO] 24-11-2024 11:09:38 [TestNG-PoolService-1] [LogUtils] - Open website with URL: https://staging.withassured.com/
[INFO] 24-11-2024 11:09:38 [TestNG-PoolService-1] [LogUtils] - Get Current URL: https://staging.withassured.com/
[ERROR] 24-11-2024 11:09:38 [TestNG-PoolService-1] [LogUtils] - ❌ Verify Contains: https://staging.withassured.com/ NOT CONTAINS sign-in
[ERROR] 24-11-2024 11:09:38 [TestNG-PoolService-1] [LogUtils] - FAILED !! Test case loginWithValidCredentials is failed.
[ERROR] 24-11-2024 11:09:38 [TestNG-PoolService-1] [LogUtils] - java.lang.AssertionError: The url of sign in page not match. expected [sign-in] but found [https://staging.withassured.com/]
[INFO] 24-11-2024 11:09:38 [TestNG-PoolService-1] [LogUtils] - No Folder: C:\Users\Gnana\IdeaProjects\AssuredHealth\ExportData/Images
[INFO] 24-11-2024 11:09:38 [TestNG-PoolService-1] [LogUtils] - Folder created: C:\Users\Gnana\IdeaProjects\AssuredHealth\ExportData\Images
[INFO] 24-11-2024 11:09:38 [TestNG-PoolService-1] [LogUtils] - Driver for Screenshot: ChromeDriver: chrome on windows (bdc770e03c50152415ddbbb8b82c9490)
[INFO] 24-11-2024 11:09:38 [TestNG-PoolService-2] [LogUtils] - Verify Contains: https://staging.withassured.com/sign-in CONTAINS sign-in
[INFO] 24-11-2024 11:09:38 [TestNG-PoolService-2] [LogUtils] - Get Page Title: Assured
[INFO] 24-11-2024 11:09:38 [TestNG-PoolService-2] [LogUtils] - Verify Equals: Assured = Assured
[INFO] 24-11-2024 11:09:39 [TestNG-PoolService-1] [LogUtils] - Screenshot taken: loginWithValidCredentials
[INFO] 24-11-2024 11:09:39 [TestNG-PoolService-1] [LogUtils] - Screenshot taken current URL: https://staging.withassured.com/sign-in
[ERROR] 24-11-2024 11:09:49 [TestNG-PoolService-2] [LogUtils] - ❌ Element not exist. (waitForElementPresent) By.xpath: //input[@id='email']
[ERROR] 24-11-2024 11:09:49 [TestNG-PoolService-2] [LogUtils] - FAILED !! Test case loginWithValidCredentials is failed.
[ERROR] 24-11-2024 11:09:49 [TestNG-PoolService-2] [LogUtils] - java.lang.AssertionError: ❌ Element not exist. (waitForElementPresent) By.xpath: //input[@id='email']
[INFO] 24-11-2024 11:09:49 [TestNG-PoolService-2] [LogUtils] - Driver for Screenshot: ChromeDriver: chrome on windows (5753b737f254400c69d5d7aea1a60efc)
[INFO] 24-11-2024 11:09:49 [TestNG-PoolService-2] [LogUtils] - Screenshot taken: loginWithValidCredentials
[INFO] 24-11-2024 11:09:49 [TestNG-PoolService-2] [LogUtils] - Screenshot taken current URL: https://staging.withassured.com/sign-in
[INFO] 24-11-2024 11:09:49 [main] [LogUtils] - ********** RUN FINISHED **********
[INFO] 24-11-2024 11:09:49 [main] [LogUtils] - =====> End Suite: Regression Tests 
[INFO] 24-11-2024 11:56:59 [main] [LogUtils] - Warning !! Can not Load All File.
[INFO] 24-11-2024 11:56:59 [main] [LogUtils] - ********** RUN STARTED **********
[INFO] 24-11-2024 11:56:59 [main] [LogUtils] - ========= INSTALLING CONFIGURATION DATA =========
[INFO] 24-11-2024 11:56:59 [main] [LogUtils] - Warning !! Can not Load All File.
[INFO] 24-11-2024 11:57:00 [main] [LogUtils] - OVERRIDE EXTENT REPORTS = no
[INFO] 24-11-2024 11:57:00 [main] [LogUtils] - Link Extent Report: C:\Users\Gnana\IdeaProjects\AssuredHealth\reports/ExtentReports\24_11_2024_11_57_00_ExtentReports.html
[INFO] 24-11-2024 11:57:01 [main] [LogUtils] - Extent Reports is installed.
[INFO] 24-11-2024 11:57:01 [main] [LogUtils] - ========= INSTALLED CONFIGURATION DATA =========
[INFO] 24-11-2024 11:57:01 [main] [LogUtils] - =====> Starting Suite: Regression Tests 
[INFO] 24-11-2024 11:57:01 [TestNG-test-SignIn Test-1] [LogUtils] - Excel File: C:\Users\Gnana\IdeaProjects\AssuredHealth\src/test/resources/testdata/Common/ProviderData.xlsx
[INFO] 24-11-2024 11:57:01 [TestNG-test-SignIn Test-1] [LogUtils] - Sheet Name: SignIn
[INFO] 24-11-2024 11:57:03 [TestNG-test-SignIn Test-1] [LogUtils] - Row: 10 - Column: 3
[INFO] 24-11-2024 11:57:03 [TestNG-test-SignIn Test-1] [LogUtils] - StartRow: 1 - EndRow: 2
[INFO] 24-11-2024 11:57:09 [TestNG-PoolService-1] [LogUtils] - Test case: loginWithValidCredentials is starting...
[INFO] 24-11-2024 11:57:09 [TestNG-PoolService-2] [LogUtils] - Test case: loginWithValidCredentials is starting...
[INFO] 24-11-2024 11:57:09 [TestNG-PoolService-1] [LogUtils] - Set Excel File: src/test/resources/testdata/Common/ProviderData.xlsx
[INFO] 24-11-2024 11:57:09 [TestNG-PoolService-2] [LogUtils] - Set Excel File: src/test/resources/testdata/Common/ProviderData.xlsx
[INFO] 24-11-2024 11:57:09 [TestNG-PoolService-2] [LogUtils] - Sheet Name: SignIn
[INFO] 24-11-2024 11:57:09 [TestNG-PoolService-1] [LogUtils] - Sheet Name: SignIn
[INFO] 24-11-2024 11:57:11 [TestNG-PoolService-1] [LogUtils] - Open website with URL: https://staging.withassured.com/
[INFO] 24-11-2024 11:57:11 [TestNG-PoolService-2] [LogUtils] - Open website with URL: https://staging.withassured.com/
[INFO] 24-11-2024 11:57:11 [TestNG-PoolService-2] [LogUtils] - Get Current URL: https://staging.withassured.com/
[INFO] 24-11-2024 11:57:11 [TestNG-PoolService-1] [LogUtils] - Get Current URL: https://staging.withassured.com/sign-in
[INFO] 24-11-2024 11:57:11 [TestNG-PoolService-2] [LogUtils] - Verify Contains: https://staging.withassured.com/sign-in CONTAINS sign-in
[INFO] 24-11-2024 11:57:11 [TestNG-PoolService-1] [LogUtils] - Verify Contains: https://staging.withassured.com/sign-in CONTAINS sign-in
[INFO] 24-11-2024 11:57:11 [TestNG-PoolService-1] [LogUtils] - Get Page Title: Assured
[INFO] 24-11-2024 11:57:11 [TestNG-PoolService-2] [LogUtils] - Get Page Title: Assured
[INFO] 24-11-2024 11:57:11 [TestNG-PoolService-2] [LogUtils] - Verify Equals: Assured = Assured
[INFO] 24-11-2024 11:57:11 [TestNG-PoolService-1] [LogUtils] - Verify Equals: Assured = Assured
[ERROR] 24-11-2024 11:57:22 [TestNG-PoolService-2] [LogUtils] - ❌ Element not exist. (waitForElementPresent) By.xpath: //input[@id='email']
[ERROR] 24-11-2024 11:57:22 [TestNG-PoolService-1] [LogUtils] - ❌ Element not exist. (waitForElementPresent) By.xpath: //input[@id='email']
[WARN] 24-11-2024 11:57:22 [TestNG-PoolService-2] [LogUtils] - WARNING!! Test case: loginWithValidCredentials is skipped.
[WARN] 24-11-2024 11:57:22 [TestNG-PoolService-1] [LogUtils] - WARNING!! Test case: loginWithValidCredentials is skipped.
[INFO] 24-11-2024 11:57:25 [TestNG-PoolService-1] [LogUtils] - Test case: loginWithValidCredentials is starting...
[INFO] 24-11-2024 11:57:25 [TestNG-PoolService-1] [LogUtils] - Set Excel File: src/test/resources/testdata/Common/ProviderData.xlsx
[INFO] 24-11-2024 11:57:25 [TestNG-PoolService-1] [LogUtils] - Sheet Name: SignIn
[INFO] 24-11-2024 11:57:25 [TestNG-PoolService-2] [LogUtils] - Test case: loginWithValidCredentials is starting...
[INFO] 24-11-2024 11:57:25 [TestNG-PoolService-2] [LogUtils] - Set Excel File: src/test/resources/testdata/Common/ProviderData.xlsx
[INFO] 24-11-2024 11:57:25 [TestNG-PoolService-2] [LogUtils] - Sheet Name: SignIn
[INFO] 24-11-2024 11:57:26 [TestNG-PoolService-2] [LogUtils] - Open website with URL: https://staging.withassured.com/
[INFO] 24-11-2024 11:57:26 [TestNG-PoolService-2] [LogUtils] - Get Current URL: https://staging.withassured.com/
[INFO] 24-11-2024 11:57:26 [TestNG-PoolService-1] [LogUtils] - Open website with URL: https://staging.withassured.com/
[INFO] 24-11-2024 11:57:26 [TestNG-PoolService-1] [LogUtils] - Get Current URL: https://staging.withassured.com/
[INFO] 24-11-2024 11:57:26 [TestNG-PoolService-2] [LogUtils] - Verify Contains: https://staging.withassured.com/sign-in CONTAINS sign-in
[INFO] 24-11-2024 11:57:26 [TestNG-PoolService-2] [LogUtils] - Get Page Title: Assured
[INFO] 24-11-2024 11:57:26 [TestNG-PoolService-1] [LogUtils] - Verify Contains: https://staging.withassured.com/sign-in CONTAINS sign-in
[INFO] 24-11-2024 11:57:26 [TestNG-PoolService-2] [LogUtils] - Verify Equals: Assured = Assured
[INFO] 24-11-2024 11:57:26 [TestNG-PoolService-1] [LogUtils] - Get Page Title: Assured
[INFO] 24-11-2024 11:57:27 [TestNG-PoolService-1] [LogUtils] - Verify Equals: Assured = Assured
[ERROR] 24-11-2024 11:57:37 [TestNG-PoolService-2] [LogUtils] - ❌ Element not exist. (waitForElementPresent) By.xpath: //input[@id='email']
[ERROR] 24-11-2024 11:57:37 [TestNG-PoolService-2] [LogUtils] - FAILED !! Test case loginWithValidCredentials is failed.
[ERROR] 24-11-2024 11:57:37 [TestNG-PoolService-2] [LogUtils] - java.lang.AssertionError: ❌ Element not exist. (waitForElementPresent) By.xpath: //input[@id='email']
[INFO] 24-11-2024 11:57:37 [TestNG-PoolService-2] [LogUtils] - Driver for Screenshot: ChromeDriver: chrome on windows (d428b933b820f8cc00fa4a8b350c3e57)
[ERROR] 24-11-2024 11:57:37 [TestNG-PoolService-1] [LogUtils] - ❌ Element not exist. (waitForElementPresent) By.xpath: //input[@id='email']
[ERROR] 24-11-2024 11:57:37 [TestNG-PoolService-1] [LogUtils] - FAILED !! Test case loginWithValidCredentials is failed.
[ERROR] 24-11-2024 11:57:37 [TestNG-PoolService-1] [LogUtils] - java.lang.AssertionError: ❌ Element not exist. (waitForElementPresent) By.xpath: //input[@id='email']
[INFO] 24-11-2024 11:57:37 [TestNG-PoolService-1] [LogUtils] - Driver for Screenshot: ChromeDriver: chrome on windows (bd84765f493fafed438e38e8af6cf343)
[INFO] 24-11-2024 11:57:37 [TestNG-PoolService-2] [LogUtils] - Screenshot taken: loginWithValidCredentials
[INFO] 24-11-2024 11:57:37 [TestNG-PoolService-1] [LogUtils] - Screenshot taken: loginWithValidCredentials
[INFO] 24-11-2024 11:57:37 [TestNG-PoolService-2] [LogUtils] - Screenshot taken current URL: https://staging.withassured.com/sign-in
[INFO] 24-11-2024 11:57:37 [TestNG-PoolService-1] [LogUtils] - Screenshot taken current URL: https://staging.withassured.com/sign-in
[INFO] 24-11-2024 11:57:39 [main] [LogUtils] - ********** RUN FINISHED **********
[INFO] 24-11-2024 11:57:39 [main] [LogUtils] - =====> End Suite: Regression Tests 
